<?xml version="1.0" encoding="UTF-8"?>
<!-- Generated by org.testng.reporters.JUnitReportReporter -->
<testsuite skipped="0" hostname="tyagiji" name="jenkinsproject_package.JenkinsTestng" tests="3" failures="0" timestamp="17 Jan 2019 13:37:51 GMT" time="0.010" errors="0">
  <testcase name="variable" time="0.000" classname="jenkinsproject_package.JenkinsTestng"/>
  <testcase name="ankit" time="0.010" classname="jenkinsproject_package.JenkinsTestng"/>
  <testcase name="diplay" time="0.000" classname="jenkinsproject_package.JenkinsTestng"/>
</testsuite> <!-- jenkinsproject_package.JenkinsTestng -->
